#
# There is insufficient memory for the Java Runtime Environment to continue.
# Native memory allocation (mmap) failed to map 264241152 bytes for G1 virtual space
# Possible reasons:
#   The system is out of physical RAM or swap space
#   The process is running with CompressedOops enabled, and the Java Heap may be blocking the growth of the native heap
# Possible solutions:
#   Reduce memory load on the system
#   Increase physical memory or swap space
#   Check if swap backing store is full
#   Decrease Java heap size (-Xmx/-Xms)
#   Decrease number of Java threads
#   Decrease Java thread stack sizes (-Xss)
#   Set larger code cache with -XX:ReservedCodeCacheSize=
#   JVM is running with Zero Based Compressed Oops mode in which the Java heap is
#     placed in the first 32GB address space. The Java Heap base address is the
#     maximum limit for the native heap growth. Please use -XX:HeapBaseMinAddress
#     to set the Java Heap base and to place the Java Heap above 32GB virtual address.
# This output file may be truncated or incomplete.
#
#  Out of Memory Error (os_windows.cpp:3771), pid=3644, tid=10444
#
# JRE version:  (17.0.7) (build )
# Java VM: OpenJDK 64-Bit Server VM (17.0.7+0-b2043.56-10550314, mixed mode, sharing, tiered, compressed oops, compressed class ptrs, g1 gc, windows-amd64)
# No core dump will be written. Minidumps are not enabled by default on client versions of Windows
#

---------------  S U M M A R Y ------------

Command Line: org.jetbrains.kotlin.cli.jvm.K2JVMCompiler @D:\FinalProject\code\ShieldBank-Mobile\app\build\20240304_8859071698876142958.compiler.options

Host: 11th Gen Intel(R) Core(TM) i5-1135G7 @ 2.40GHz, 8 cores, 15G,  Windows 10 , 64 bit Build 19041 (10.0.19041.3636)
Time: Mon Mar  4 15:15:44 2024  Windows 10 , 64 bit Build 19041 (10.0.19041.3636) elapsed time: 0.006983 seconds (0d 0h 0m 0s)

---------------  T H R E A D  ---------------

Current thread (0x000001d456af4320):  JavaThread "Unknown thread" [_thread_in_vm, id=10444, stack(0x000000a13d600000,0x000000a13d700000)]

Stack: [0x000000a13d600000,0x000000a13d700000]
Native frames: (J=compiled Java code, j=interpreted, Vv=VM code, C=native code)
V  [jvm.dll+0x683bfa]
V  [jvm.dll+0x8430a4]
V  [jvm.dll+0x8449be]
V  [jvm.dll+0x845023]
V  [jvm.dll+0x24ad2f]
V  [jvm.dll+0x680ac9]
V  [jvm.dll+0x67519a]
V  [jvm.dll+0x30b3cb]
V  [jvm.dll+0x312876]
V  [jvm.dll+0x36221e]
V  [jvm.dll+0x36244f]
V  [jvm.dll+0x2e14a8]
V  [jvm.dll+0x2e2414]
V  [jvm.dll+0x814391]
V  [jvm.dll+0x36ffe1]
V  [jvm.dll+0x7f396c]
V  [jvm.dll+0x3f305f]
V  [jvm.dll+0x3f4b91]
C  [jli.dll+0x528f]
C  [ucrtbase.dll+0x21bb2]
C  [KERNEL32.DLL+0x17344]
C  [ntdll.dll+0x526b1]


---------------  P R O C E S S  ---------------

Threads class SMR info:
_java_thread_list=0x00007ff98821d098, length=0, elements={
}

Java Threads: ( => current thread )

Other Threads:
  0x000001d456b5f240 GCTaskThread "GC Thread#0" [stack: 0x000000a13d700000,0x000000a13d800000] [id=3404]
  0x000001d456b6fd40 ConcurrentGCThread "G1 Main Marker" [stack: 0x000000a13d800000,0x000000a13d900000] [id=1040]
  0x000001d456b70ef0 ConcurrentGCThread "G1 Conc#0" [stack: 0x000000a13d900000,0x000000a13da00000] [id=7776]

[error occurred during error reporting (printing all threads), id 0xc0000005, EXCEPTION_ACCESS_VIOLATION (0xc0000005) at pc=0x00007ff9879d2087]

VM state: not at safepoint (not fully initialized)

VM Mutex/Monitor currently owned by a thread:  ([mutex/lock_event])
[0x000001d456af11c0] Heap_lock - owner thread: 0x000001d456af4320

Heap address: 0x0000000704400000, size: 4028 MB, Compressed Oops mode: Zero based, Oop shift amount: 3

CDS archive(s) mapped at: [0x0000000000000000-0x0000000000000000-0x0000000000000000), size 0, SharedBaseAddress: 0x0000000800000000, ArchiveRelocationMode: 0.
Narrow klass base: 0x0000000000000000, Narrow klass shift: 0, Narrow klass range: 0x0

GC Precious Log:
<Empty>

Heap:
 garbage-first heap   total 0K, used 0K [0x0000000704400000, 0x0000000800000000)
  region size 2048K, 0 young (0K), 0 survivors (0K)
 Metaspace       used 0K, committed 0K, reserved 0K
  class space    used 0K, committed 0K, reserved 0K

Heap Regions: E=young(eden), S=young(survivor), O=old, HS=humongous(starts), HC=humongous(continues), CS=collection set, F=free, OA=open archive, CA=closed archive, TAMS=top-at-mark-start (previous, next)

Card table byte_map: [0x000001d469ae0000,0x000001d46a2c0000] _byte_map_base: 0x000001d4662be000

Marking Bits (Prev, Next): (CMBitMap*) 0x000001d456b5f850, (CMBitMap*) 0x000001d456b5f890
 Prev Bits: [0x000001d46aaa0000, 0x000001d46e990000)
 Next Bits: [0x000001d46e990000, 0x000001d472880000)

GC Heap History (0 events):
No events

Dll operation events (1 events):
Event: 0.004 Loaded shared library C:\Program Files\Android\Android Studio\jbr\bin\java.dll

Deoptimization events (0 events):
No events

Classes unloaded (0 events):
No events

Classes redefined (0 events):
No events

Internal exceptions (0 events):
No events

VM Operations (0 events):
No events

Events (0 events):
No events


Dynamic libraries:
0x00007ff6e2a00000 - 0x00007ff6e2a0a000 	C:\Program Files\Android\Android Studio\jbr\bin\java.exe
0x00007ff9ef110000 - 0x00007ff9ef308000 	C:\Windows\SYSTEM32\ntdll.dll
0x00007ff9ed7f0000 - 0x00007ff9ed8ad000 	C:\Windows\System32\KERNEL32.DLL
0x00007ff9ec7d0000 - 0x00007ff9ecac6000 	C:\Windows\System32\KERNELBASE.dll
0x00007ff9eccd0000 - 0x00007ff9ecdd0000 	C:\Windows\System32\ucrtbase.dll
0x00007ff9c63c0000 - 0x00007ff9c63db000 	C:\Program Files\Android\Android Studio\jbr\bin\VCRUNTIME140.dll
0x00007ff9a0bc0000 - 0x00007ff9a0bd7000 	C:\Program Files\Android\Android Studio\jbr\bin\jli.dll
0x00007ff9eeb80000 - 0x00007ff9eed1e000 	C:\Windows\System32\USER32.dll
0x00007ff9d7ef0000 - 0x00007ff9d818a000 	C:\Windows\WinSxS\amd64_microsoft.windows.common-controls_6595b64144ccf1df_6.0.19041.3636_none_60b6a03d71f818d5\COMCTL32.dll
0x00007ff9ece60000 - 0x00007ff9ece82000 	C:\Windows\System32\win32u.dll
0x00007ff9edca0000 - 0x00007ff9edd3e000 	C:\Windows\System32\msvcrt.dll
0x00007ff9eef80000 - 0x00007ff9eefab000 	C:\Windows\System32\GDI32.dll
0x00007ff9ecf00000 - 0x00007ff9ed017000 	C:\Windows\System32\gdi32full.dll
0x00007ff9ecad0000 - 0x00007ff9ecb6d000 	C:\Windows\System32\msvcp_win.dll
0x00007ff9edb70000 - 0x00007ff9edba2000 	C:\Windows\System32\IMM32.DLL
0x00007ff9e24b0000 - 0x00007ff9e24bc000 	C:\Program Files\Android\Android Studio\jbr\bin\vcruntime140_1.dll
0x00007ff9acee0000 - 0x00007ff9acf6d000 	C:\Program Files\Android\Android Studio\jbr\bin\msvcp140.dll
0x00007ff9876e0000 - 0x00007ff988360000 	C:\Program Files\Android\Android Studio\jbr\bin\server\jvm.dll
0x00007ff9eeec0000 - 0x00007ff9eef73000 	C:\Windows\System32\ADVAPI32.dll
0x00007ff9ed8b0000 - 0x00007ff9ed94f000 	C:\Windows\System32\sechost.dll
0x00007ff9ed150000 - 0x00007ff9ed276000 	C:\Windows\System32\RPCRT4.dll
0x00007ff9ed020000 - 0x00007ff9ed047000 	C:\Windows\System32\bcrypt.dll
0x00007ff9cf260000 - 0x00007ff9cf287000 	C:\Windows\SYSTEM32\WINMM.dll
0x00007ff9e2960000 - 0x00007ff9e2969000 	C:\Windows\SYSTEM32\WSOCK32.dll
0x00007ff9e20e0000 - 0x00007ff9e20ea000 	C:\Windows\SYSTEM32\VERSION.dll
0x00007ff9ef060000 - 0x00007ff9ef0cb000 	C:\Windows\System32\WS2_32.dll
0x00007ff9eb010000 - 0x00007ff9eb022000 	C:\Windows\SYSTEM32\kernel.appcore.dll
0x00007ff9e0f70000 - 0x00007ff9e0f7a000 	C:\Program Files\Android\Android Studio\jbr\bin\jimage.dll
0x00007ff9ea3e0000 - 0x00007ff9ea5c4000 	C:\Windows\SYSTEM32\DBGHELP.DLL
0x00007ff9cff60000 - 0x00007ff9cff94000 	C:\Windows\SYSTEM32\dbgcore.DLL
0x00007ff9ecdd0000 - 0x00007ff9ece52000 	C:\Windows\System32\bcryptPrimitives.dll
0x00007ff9e0f40000 - 0x00007ff9e0f65000 	C:\Program Files\Android\Android Studio\jbr\bin\java.dll

dbghelp: loaded successfully - version: 4.0.5 - missing functions: none
symbol engine: initialized successfully - sym options: 0x614 - pdb path: .;C:\Program Files\Android\Android Studio\jbr\bin;C:\Windows\SYSTEM32;C:\Windows\WinSxS\amd64_microsoft.windows.common-controls_6595b64144ccf1df_6.0.19041.3636_none_60b6a03d71f818d5;C:\Program Files\Android\Android Studio\jbr\bin\server

VM Arguments:
java_command: org.jetbrains.kotlin.cli.jvm.K2JVMCompiler @D:\FinalProject\code\ShieldBank-Mobile\app\build\20240304_8859071698876142958.compiler.options
java_class_path (initial): C:\Users\USER\.gradle\caches\modules-2\files-2.1\org.jetbrains.kotlin\kotlin-compiler-embeddable\1.5.0\6e53e0ca3cf7eff1a4df71171c8f9604b983e1d6\kotlin-compiler-embeddable-1.5.0.jar;C:\Users\USER\.gradle\caches\modules-2\files-2.1\org.jetbrains.kotlin\kotlin-reflect\1.5.0\47806fe8ed30dbdf9e697eda5e9c9a3905ff3363\kotlin-reflect-1.5.0.jar;C:\Users\USER\.gradle\caches\modules-2\files-2.1\org.jetbrains.kotlin\kotlin-stdlib\1.5.0\29dae2501ca094416d15af0e21470cb634780444\kotlin-stdlib-1.5.0.jar;C:\Users\USER\.gradle\caches\modules-2\files-2.1\org.jetbrains.kotlin\kotlin-script-runtime\1.5.0\a2d66828077376fc1851a6fdbf25865935f4101d\kotlin-script-runtime-1.5.0.jar;C:\Users\USER\.gradle\caches\modules-2\files-2.1\org.jetbrains.kotlin\kotlin-daemon-embeddable\1.5.0\7f3567acfef59ff865a99a584d814bde87226dd5\kotlin-daemon-embeddable-1.5.0.jar;C:\Users\USER\.gradle\caches\modules-2\files-2.1\org.jetbrains.intellij.deps\trove4j\1.0.20181211\216c2e14b070f334479d800987affe4054cd563f\trove4j-1.0.20181211.jar;C:\Users\USER\.gradle\caches\modules-2\files-2.1\org.jetbrains\annotations\13.0\919f0dfe192fb4e063e7dacadee7f8bb9a2672a9\annotations-13.0.jar;C:\Users\USER\.gradle\caches\modules-2\files-2.1\org.jetbrains.kotlin\kotlin-stdlib-common\1.5.0\4080d69efca5e39e9b4972f125e40f1607bd6460\kotlin-stdlib-common-1.5.0.jar
Launcher Type: SUN_STANDARD

[Global flags]
     intx CICompilerCount                          = 4                                         {product} {ergonomic}
     uint ConcGCThreads                            = 2                                         {product} {ergonomic}
     uint G1ConcRefinementThreads                  = 8                                         {product} {ergonomic}
   size_t G1HeapRegionSize                         = 2097152                                   {product} {ergonomic}
    uintx GCDrainStackTargetSize                   = 64                                        {product} {ergonomic}
   size_t InitialHeapSize                          = 264241152                                 {product} {ergonomic}
   size_t MarkStackSize                            = 4194304                                   {product} {ergonomic}
   size_t MaxHeapSize                              = 4223664128                                {product} {ergonomic}
   size_t MinHeapDeltaBytes                        = 2097152                                   {product} {ergonomic}
   size_t MinHeapSize                              = 8388608                                   {product} {ergonomic}
    uintx NonNMethodCodeHeapSize                   = 5839372                                {pd product} {ergonomic}
    uintx NonProfiledCodeHeapSize                  = 122909434                              {pd product} {ergonomic}
    uintx ProfiledCodeHeapSize                     = 122909434                              {pd product} {ergonomic}
    uintx ReservedCodeCacheSize                    = 251658240                              {pd product} {ergonomic}
     bool SegmentedCodeCache                       = true                                      {product} {ergonomic}
   size_t SoftMaxHeapSize                          = 4223664128                             {manageable} {ergonomic}
     bool UseCompressedClassPointers               = true                           {product lp64_product} {ergonomic}
     bool UseCompressedOops                        = true                           {product lp64_product} {ergonomic}
     bool UseG1GC                                  = true                                      {product} {ergonomic}
     bool UseLargePagesIndividualAllocation        = false                                  {pd product} {ergonomic}

Logging:
Log output configuration:
 #0: stdout all=warning uptime,level,tags
 #1: stderr all=off uptime,level,tags

Environment Variables:
JAVA_HOME=C:\Program Files\Java\jdk-21
CLASSPATH=C:\Program Files\Java\jdk-21\lib
PATH=C:\Program Files\Common Files\Oracle\Java\javapath;C:\Program Files\Java\jdk-21\bin;C:\Program Files (x86)\Common Files\Oracle\Java\javapath;C:\Program Files (x86)\VMware\VMware Workstation\bin\;C:\Windows\system32;C:\Windows;C:\Windows\System32\Wbem;C:\Windows\System32\WindowsPowerShell\v1.0\;C:\Windows\System32\OpenSSH\;C:\Program Files\Bandizip\;C:\Program Files\MySQL\MySQL Server 8.0\bin;C:\Program Files\Git\cmd;C:\Program Files\Amazon\AWSCLIV2\;C:\Program Files (x86)\Bitvise SSH Client;C:\Program Files\PuTTY\;C:\Program Files\dotnet\;C:\Program Files\nodejs\;C:\ProgramData\chocolatey\bin;C:\Python27;C:\Users\USER\AppData\Local\Programs\Python39;C:\Python27\Scripts;C:\Users\USER\AppData\Local\Android\Sdk\platform-tools;C:\Users\USER\AppData\Local\Programs\Python\Python39\Scripts\;C:\Users\USER\AppData\Local\Programs\Python\Python39\;C:\Program Files\MySQL\MySQL Server 8.0\bin;C:\Program Files\Common Files\Oracle\Java\javapath;C:\Program Files\Java\jdk-21\bin;C:\Program Files (x86)\Common Files\Oracle\Java\javapath;C:\Program Files (x86)\VMware\VMware Workstation\bin\;C:\Windows\system32;C:\Windows;C:\Windows\System32\Wbem;C:\Windows\System32\WindowsPowerShell\v1.0\;C:\Windows\System32\OpenSSH\;C:\Program Files\Bandizip\;C:\Program Files\MySQL\MySQL Server 8.0\bin;C:\Program Files\Git\cmd;C:\Program Files\Amazon\AWSCLIV2\;C:\Program Files (x86)\Bitvise SSH Client;C:\Program Files\PuTTY\;C:\Program Files\dotnet\;C:\Program Files\nodejs\;C:\ProgramData\chocolatey\bin;C:\Python27;C:\Users\USER\AppData\Local\Programs\Python39;C:\Python27\Scripts;C:\Users\USER\AppData\Local\Android\Sdk\platform-tools;;C:\Users\USER\AppData\Local\Programs\Microsoft VS Code\bin
USERNAME=USER
OS=Windows_NT
PROCESSOR_IDENTIFIER=Intel64 Family 6 Model 140 Stepping 1, GenuineIntel
TMP=C:\Users\USER\AppData\Local\Temp
TEMP=C:\Users\USER\AppData\Local\Temp


JNI global refs:
JNI global refs: 0, weak refs: 0

JNI global refs memory usage: 0, weak refs: 0

OOME stack traces (most recent first):
Classloader memory used:


---------------  S Y S T E M  ---------------

OS:
 Windows 10 , 64 bit Build 19041 (10.0.19041.3636)
OS uptime: 1 days 4:13 hours

CPU: total 8 (initial active 8) (4 cores per cpu, 2 threads per core) family 6 model 140 stepping 1 microcode 0x8a, cx8, cmov, fxsr, ht, mmx, 3dnowpref, sse, sse2, sse3, ssse3, sse4.1, sse4.2, popcnt, lzcnt, tsc, tscinvbit, avx, avx2, aes, erms, clmul, bmi1, bmi2, adx, avx512f, avx512dq, avx512cd, avx512bw, avx512vl, sha, fma, vzeroupper, avx512_vpopcntdq, avx512_vpclmulqdq, avx512_vaes, avx512_vnni, clflush, clflushopt, clwb, avx512_vbmi2, avx512_vbmi

Memory: 4k page, system-wide physical 16107M (3807M free)
TotalPageFile size 41956M (AvailPageFile size 16M)
current process WorkingSet (physical memory assigned to process): 10M, peak: 10M
current process commit charge ("private bytes"): 60M, peak: 312M

vm_info: OpenJDK 64-Bit Server VM (17.0.7+0-b2043.56-10550314) for windows-amd64 JRE (17.0.7+0-b2043.56-10550314), built on Jul 24 2023 18:27:45 by "androidbuild" with MS VC++ 16.10 / 16.11 (VS2019)

END.
